CRITICAL - 2026-04-25 06:50:19 --> CodeIgniter\View\Exceptions\ViewException: Invalid file: "default.php"
[Method: GET, Route: /]
in SYSTEMPATH\Exceptions\FrameworkException.php on line 39.
 1 SYSTEMPATH\View\View.php(228): CodeIgniter\Exceptions\FrameworkException::forInvalidFile('default.php')
 2 SYSTEMPATH\Common.php(1250): CodeIgniter\View\View->render('default', [], true)
 3 APPPATH\Controllers\Home.php(11): view('default')
 4 SYSTEMPATH\CodeIgniter.php(951): App\Controllers\Home->index()
 5 SYSTEMPATH\CodeIgniter.php(497): CodeIgniter\CodeIgniter->runController(Object(App\Controllers\Home))
 6 SYSTEMPATH\CodeIgniter.php(340): CodeIgniter\CodeIgniter->handleRequest(null, Object(Config\Cache), false)
 7 SYSTEMPATH\Boot.php(417): CodeIgniter\CodeIgniter->run()
 8 SYSTEMPATH\Boot.php(68): CodeIgniter\Boot::runCodeIgniter(Object(CodeIgniter\CodeIgniter))
 9 FCPATH\index.php(59): CodeIgniter\Boot::bootWeb(Object(Config\Paths))
10 SYSTEMPATH\rewrite.php(44): require_once('E:\\Semester_4\\PWL\\UTS_new\\Project_UTS_PaymentGateway_KedaiKopi\\Project_UTS_PaymentGateway_KedaiKopi\\public\\index.php')
CRITICAL - 2026-04-25 06:51:21 --> CodeIgniter\View\Exceptions\ViewException: Invalid file: "default.php"
[Method: GET, Route: /]
in SYSTEMPATH\Exceptions\FrameworkException.php on line 39.
 1 SYSTEMPATH\View\View.php(228): CodeIgniter\Exceptions\FrameworkException::forInvalidFile('default.php')
 2 SYSTEMPATH\Common.php(1250): CodeIgniter\View\View->render('default', [], true)
 3 APPPATH\Controllers\Home.php(11): view('default')
 4 SYSTEMPATH\CodeIgniter.php(951): App\Controllers\Home->index()
 5 SYSTEMPATH\CodeIgniter.php(497): CodeIgniter\CodeIgniter->runController(Object(App\Controllers\Home))
 6 SYSTEMPATH\CodeIgniter.php(340): CodeIgniter\CodeIgniter->handleRequest(null, Object(Config\Cache), false)
 7 SYSTEMPATH\Boot.php(417): CodeIgniter\CodeIgniter->run()
 8 SYSTEMPATH\Boot.php(68): CodeIgniter\Boot::runCodeIgniter(Object(CodeIgniter\CodeIgniter))
 9 FCPATH\index.php(59): CodeIgniter\Boot::bootWeb(Object(Config\Paths))
10 SYSTEMPATH\rewrite.php(44): require_once('E:\\Semester_4\\PWL\\UTS_new\\Project_UTS_PaymentGateway_KedaiKopi\\Project_UTS_PaymentGateway_KedaiKopi\\public\\index.php')
CRITICAL - 2026-04-25 06:51:35 --> CodeIgniter\View\Exceptions\ViewException: Invalid file: "default.php"
[Method: GET, Route: /]
in SYSTEMPATH\Exceptions\FrameworkException.php on line 39.
 1 SYSTEMPATH\View\View.php(228): CodeIgniter\Exceptions\FrameworkException::forInvalidFile('default.php')
 2 SYSTEMPATH\Common.php(1250): CodeIgniter\View\View->render('default', [], true)
 3 APPPATH\Controllers\Home.php(11): view('default')
 4 SYSTEMPATH\CodeIgniter.php(951): App\Controllers\Home->index()
 5 SYSTEMPATH\CodeIgniter.php(497): CodeIgniter\CodeIgniter->runController(Object(App\Controllers\Home))
 6 SYSTEMPATH\CodeIgniter.php(340): CodeIgniter\CodeIgniter->handleRequest(null, Object(Config\Cache), false)
 7 SYSTEMPATH\Boot.php(417): CodeIgniter\CodeIgniter->run()
 8 SYSTEMPATH\Boot.php(68): CodeIgniter\Boot::runCodeIgniter(Object(CodeIgniter\CodeIgniter))
 9 FCPATH\index.php(59): CodeIgniter\Boot::bootWeb(Object(Config\Paths))
10 SYSTEMPATH\rewrite.php(44): require_once('E:\\Semester_4\\PWL\\UTS_new\\Project_UTS_PaymentGateway_KedaiKopi\\Project_UTS_PaymentGateway_KedaiKopi\\public\\index.php')
CRITICAL - 2026-04-25 07:30:51 --> ErrorException: Undefined variable $hlm
[Method: GET, Route: menu]
in APPPATH\Views\v_menu.php on line 93.
 1 APPPATH\Views\v_menu.php(93): CodeIgniter\Debug\Exceptions->errorHandler(2, 'Undefined variable $hlm', 'E:\\Semester_4\\PWL\\UTS_new\\Project_UTS_PaymentGateway_KedaiKopi\\Project_UTS_PaymentGateway_KedaiKopi\\app\\Views\\v_menu.php', 93)
 2 SYSTEMPATH\View\View.php(240): include('E:\\Semester_4\\PWL\\UTS_new\\Project_UTS_PaymentGateway_KedaiKopi\\Project_UTS_PaymentGateway_KedaiKopi\\app\\Views\\v_menu.php')
 3 SYSTEMPATH\View\View.php(243): CodeIgniter\View\View->CodeIgniter\View\{closure}()
 4 SYSTEMPATH\Router\RouteCollection.php(1149): CodeIgniter\View\View->render('v_menu', null)
 5 SYSTEMPATH\CodeIgniter.php(872): CodeIgniter\Router\RouteCollection::CodeIgniter\Router\{closure}()
 6 SYSTEMPATH\CodeIgniter.php(480): CodeIgniter\CodeIgniter->startController()
 7 SYSTEMPATH\CodeIgniter.php(340): CodeIgniter\CodeIgniter->handleRequest(null, Object(Config\Cache), false)
 8 SYSTEMPATH\Boot.php(417): CodeIgniter\CodeIgniter->run()
 9 SYSTEMPATH\Boot.php(68): CodeIgniter\Boot::runCodeIgniter(Object(CodeIgniter\CodeIgniter))
10 FCPATH\index.php(59): CodeIgniter\Boot::bootWeb(Object(Config\Paths))
11 SYSTEMPATH\rewrite.php(44): require_once('E:\\Semester_4\\PWL\\UTS_new\\Project_UTS_PaymentGateway_KedaiKopi\\Project_UTS_PaymentGateway_KedaiKopi\\public\\index.php')
CRITICAL - 2026-04-25 07:30:56 --> ErrorException: Undefined variable $hlm
[Method: GET, Route: menu]
in APPPATH\Views\v_menu.php on line 93.
 1 APPPATH\Views\v_menu.php(93): CodeIgniter\Debug\Exceptions->errorHandler(2, 'Undefined variable $hlm', 'E:\\Semester_4\\PWL\\UTS_new\\Project_UTS_PaymentGateway_KedaiKopi\\Project_UTS_PaymentGateway_KedaiKopi\\app\\Views\\v_menu.php', 93)
 2 SYSTEMPATH\View\View.php(240): include('E:\\Semester_4\\PWL\\UTS_new\\Project_UTS_PaymentGateway_KedaiKopi\\Project_UTS_PaymentGateway_KedaiKopi\\app\\Views\\v_menu.php')
 3 SYSTEMPATH\View\View.php(243): CodeIgniter\View\View->CodeIgniter\View\{closure}()
 4 SYSTEMPATH\Router\RouteCollection.php(1149): CodeIgniter\View\View->render('v_menu', null)
 5 SYSTEMPATH\CodeIgniter.php(872): CodeIgniter\Router\RouteCollection::CodeIgniter\Router\{closure}()
 6 SYSTEMPATH\CodeIgniter.php(480): CodeIgniter\CodeIgniter->startController()
 7 SYSTEMPATH\CodeIgniter.php(340): CodeIgniter\CodeIgniter->handleRequest(null, Object(Config\Cache), false)
 8 SYSTEMPATH\Boot.php(417): CodeIgniter\CodeIgniter->run()
 9 SYSTEMPATH\Boot.php(68): CodeIgniter\Boot::runCodeIgniter(Object(CodeIgniter\CodeIgniter))
10 FCPATH\index.php(59): CodeIgniter\Boot::bootWeb(Object(Config\Paths))
11 SYSTEMPATH\rewrite.php(44): require_once('E:\\Semester_4\\PWL\\UTS_new\\Project_UTS_PaymentGateway_KedaiKopi\\Project_UTS_PaymentGateway_KedaiKopi\\public\\index.php')
CRITICAL - 2026-04-25 07:31:30 --> ErrorException: Undefined variable $hlm
[Method: GET, Route: menu]
in APPPATH\Views\v_menu.php on line 93.
 1 APPPATH\Views\v_menu.php(93): CodeIgniter\Debug\Exceptions->errorHandler(2, 'Undefined variable $hlm', 'E:\\Semester_4\\PWL\\UTS_new\\Project_UTS_PaymentGateway_KedaiKopi\\Project_UTS_PaymentGateway_KedaiKopi\\app\\Views\\v_menu.php', 93)
 2 SYSTEMPATH\View\View.php(240): include('E:\\Semester_4\\PWL\\UTS_new\\Project_UTS_PaymentGateway_KedaiKopi\\Project_UTS_PaymentGateway_KedaiKopi\\app\\Views\\v_menu.php')
 3 SYSTEMPATH\View\View.php(243): CodeIgniter\View\View->CodeIgniter\View\{closure}()
 4 SYSTEMPATH\Router\RouteCollection.php(1149): CodeIgniter\View\View->render('v_menu', null)
 5 SYSTEMPATH\CodeIgniter.php(872): CodeIgniter\Router\RouteCollection::CodeIgniter\Router\{closure}()
 6 SYSTEMPATH\CodeIgniter.php(480): CodeIgniter\CodeIgniter->startController()
 7 SYSTEMPATH\CodeIgniter.php(340): CodeIgniter\CodeIgniter->handleRequest(null, Object(Config\Cache), false)
 8 SYSTEMPATH\Boot.php(417): CodeIgniter\CodeIgniter->run()
 9 SYSTEMPATH\Boot.php(68): CodeIgniter\Boot::runCodeIgniter(Object(CodeIgniter\CodeIgniter))
10 FCPATH\index.php(59): CodeIgniter\Boot::bootWeb(Object(Config\Paths))
11 SYSTEMPATH\rewrite.php(44): require_once('E:\\Semester_4\\PWL\\UTS_new\\Project_UTS_PaymentGateway_KedaiKopi\\Project_UTS_PaymentGateway_KedaiKopi\\public\\index.php')
CRITICAL - 2026-04-25 07:31:34 --> ErrorException: Undefined variable $hlm
[Method: GET, Route: menu]
in APPPATH\Views\v_menu.php on line 93.
 1 APPPATH\Views\v_menu.php(93): CodeIgniter\Debug\Exceptions->errorHandler(2, 'Undefined variable $hlm', 'E:\\Semester_4\\PWL\\UTS_new\\Project_UTS_PaymentGateway_KedaiKopi\\Project_UTS_PaymentGateway_KedaiKopi\\app\\Views\\v_menu.php', 93)
 2 SYSTEMPATH\View\View.php(240): include('E:\\Semester_4\\PWL\\UTS_new\\Project_UTS_PaymentGateway_KedaiKopi\\Project_UTS_PaymentGateway_KedaiKopi\\app\\Views\\v_menu.php')
 3 SYSTEMPATH\View\View.php(243): CodeIgniter\View\View->CodeIgniter\View\{closure}()
 4 SYSTEMPATH\Router\RouteCollection.php(1149): CodeIgniter\View\View->render('v_menu', null)
 5 SYSTEMPATH\CodeIgniter.php(872): CodeIgniter\Router\RouteCollection::CodeIgniter\Router\{closure}()
 6 SYSTEMPATH\CodeIgniter.php(480): CodeIgniter\CodeIgniter->startController()
 7 SYSTEMPATH\CodeIgniter.php(340): CodeIgniter\CodeIgniter->handleRequest(null, Object(Config\Cache), false)
 8 SYSTEMPATH\Boot.php(417): CodeIgniter\CodeIgniter->run()
 9 SYSTEMPATH\Boot.php(68): CodeIgniter\Boot::runCodeIgniter(Object(CodeIgniter\CodeIgniter))
10 FCPATH\index.php(59): CodeIgniter\Boot::bootWeb(Object(Config\Paths))
11 SYSTEMPATH\rewrite.php(44): require_once('E:\\Semester_4\\PWL\\UTS_new\\Project_UTS_PaymentGateway_KedaiKopi\\Project_UTS_PaymentGateway_KedaiKopi\\public\\index.php')
CRITICAL - 2026-04-25 07:45:37 --> CodeIgniter\HTTP\Exceptions\BadRequestException: The URI you submitted has disallowed characters: "v_menu class="
[Method: GET, Route: v_menu%20class=]
in SYSTEMPATH\Router\Router.php on line 768.
 1 SYSTEMPATH\Router\Router.php(219): CodeIgniter\Router\Router->checkDisallowedChars('v_menu class=')
 2 SYSTEMPATH\CodeIgniter.php(829): CodeIgniter\Router\Router->handle('v_menu class=')
 3 SYSTEMPATH\CodeIgniter.php(441): CodeIgniter\CodeIgniter->tryToRouteIt(Object(CodeIgniter\Router\RouteCollection))
 4 SYSTEMPATH\CodeIgniter.php(340): CodeIgniter\CodeIgniter->handleRequest(null, Object(Config\Cache), false)
 5 SYSTEMPATH\Boot.php(417): CodeIgniter\CodeIgniter->run()
 6 SYSTEMPATH\Boot.php(68): CodeIgniter\Boot::runCodeIgniter(Object(CodeIgniter\CodeIgniter))
 7 FCPATH\index.php(59): CodeIgniter\Boot::bootWeb(Object(Config\Paths))
 8 SYSTEMPATH\rewrite.php(44): require_once('E:\\Semester_4\\PWL\\UTS_new\\Project_UTS_PaymentGateway_KedaiKopi\\Project_UTS_PaymentGateway_KedaiKopi\\public\\index.php')
CRITICAL - 2026-04-25 07:45:44 --> CodeIgniter\HTTP\Exceptions\BadRequestException: The URI you submitted has disallowed characters: "v_menu class="
[Method: GET, Route: v_menu%20class=]
in SYSTEMPATH\Router\Router.php on line 768.
 1 SYSTEMPATH\Router\Router.php(219): CodeIgniter\Router\Router->checkDisallowedChars('v_menu class=')
 2 SYSTEMPATH\CodeIgniter.php(829): CodeIgniter\Router\Router->handle('v_menu class=')
 3 SYSTEMPATH\CodeIgniter.php(441): CodeIgniter\CodeIgniter->tryToRouteIt(Object(CodeIgniter\Router\RouteCollection))
 4 SYSTEMPATH\CodeIgniter.php(340): CodeIgniter\CodeIgniter->handleRequest(null, Object(Config\Cache), false)
 5 SYSTEMPATH\Boot.php(417): CodeIgniter\CodeIgniter->run()
 6 SYSTEMPATH\Boot.php(68): CodeIgniter\Boot::runCodeIgniter(Object(CodeIgniter\CodeIgniter))
 7 FCPATH\index.php(59): CodeIgniter\Boot::bootWeb(Object(Config\Paths))
 8 SYSTEMPATH\rewrite.php(44): require_once('E:\\Semester_4\\PWL\\UTS_new\\Project_UTS_PaymentGateway_KedaiKopi\\Project_UTS_PaymentGateway_KedaiKopi\\public\\index.php')
